C51 COMPILER V9.60.0.0   RFID                                                              01/26/2022 15:35:57 PAGE 1   


C51 COMPILER V9.60.0.0, COMPILATION OF MODULE RFID
OBJECT MODULE PLACED IN .\Objects\rfid.obj
COMPILER INVOKED BY: C:\Keil_v5\C51\BIN\C51.EXE rfid.c OPTIMIZE(8,SPEED) BROWSE DEBUG OBJECTEXTEND PRINT(.\Listings\rfid
                    -.lst) TABS(2) OBJECT(.\Objects\rfid.obj)

line level    source

   1          #include<reg51.h>
   2          #include<string.h>
   3          void delay(unsigned int i);
   4          void lcd_cmd(unsigned char a);
   5          void lcd_data(unsigned char b);
   6          void lcd_init(void);
   7          void lcd_str(unsigned char *str);
   8          void sendser_char(unsigned char b);
   9          void sendser_str(unsigned char *str);
  10          sbit rs=P2^0;
  11          sbit en=P2^1;
  12          unsigned int i;
  13          unsigned char a[100];
  14          sfr ldata=0x90;//port1 
  15          void clear(void);
  16          void main()
  17          
  18          {
  19   1      
  20   1        TMOD=0x20;//timer1 mode2 -auto reload mode
  21   1        TH1=0xfd;//9600 baud rate
  22   1        SCON=0x50;//8bit data ,1start bit,1stop bit
  23   1        TR1=1;
  24   1      lcd_init();
  25   1        lcd_str("   WELCOME TO   ");
  26   1        lcd_cmd(0xc0);
  27   1        lcd_str("   MY PROJECT   ");
  28   1        
  29   1        delay(65000);
  30   1          lcd_cmd(0x01);
  31   1          lcd_cmd(0x80);
  32   1      lcd_str("   YT TRAINING   ");
  33   1        lcd_cmd(0xc0);
  34   1        lcd_str("   INSTITUTE   ");
  35   1        delay(65000);
  36   1        while(1)
  37   1      
  38   1      {
  39   2            lcd_cmd(0x01);
  40   2          lcd_cmd(0x80);
  41   2      lcd_str("   Waiting For    ");
  42   2        lcd_cmd(0xc0);
  43   2        lcd_str("   RFID Tag   ");
  44   2        for(i=0;i<10;i++)
  45   2        {
  46   3        while(RI==0);//suc 1 char recived 
  47   3          RI=0;
  48   3          a[i]=SBUF;//a[0]='1',a[1]='0'
  49   3        
  50   3        
  51   3        }
  52   2        a[10]='\0';
  53   2        if(0==strcmp("10003B0CA7",a))
  54   2        {
C51 COMPILER V9.60.0.0   RFID                                                              01/26/2022 15:35:57 PAGE 2   

  55   3              lcd_cmd(0x01);
  56   3          lcd_cmd(0x80);
  57   3          lcd_str(" EMPLOYEE NO : 1");
  58   3        lcd_cmd(0xc0);
  59   3        lcd_str(a);
  60   3          delay(65000);
  61   3          clear();
  62   3        }
  63   2          else if(0==strcmp("10003B0CAE",a))
  64   2        {
  65   3              lcd_cmd(0x01);
  66   3          lcd_cmd(0x80);
  67   3          lcd_str(" EMPLOYEE NO : 2");
  68   3        lcd_cmd(0xc0);
  69   3        lcd_str(a);
  70   3          delay(65000);
  71   3              clear();
  72   3        }
  73   2        else
  74   2        {
  75   3                lcd_cmd(0x01);
  76   3          lcd_cmd(0x80);
  77   3          lcd_str(" INVALID TAG");
  78   3        lcd_cmd(0xc0);
  79   3        lcd_str(a);
  80   3          delay(65000);
  81   3            clear();
  82   3        }
  83   2      
  84   2      }
  85   1      
  86   1      }
  87          
  88          void lcd_init()
  89          {
  90   1      lcd_cmd(0x38);
  91   1        lcd_cmd(0x0c);
  92   1        lcd_cmd(0x01);
  93   1        lcd_cmd(0x80);
  94   1      
  95   1      
  96   1      }
  97          void delay(unsigned int i)
  98          {
  99   1      unsigned int j;
 100   1        for(j=0;j<i;j++);
 101   1      }
 102          
 103          void lcd_cmd(unsigned char a)
 104          {
 105   1        rs=0;//cmd 
 106   1        ldata=a;
 107   1        en=1;
 108   1        delay(5);
 109   1        en=0;
 110   1        delay(5);
 111   1      }
 112          void lcd_data(unsigned char b)
 113          {
 114   1        rs=1;//data 
 115   1        ldata=b;
 116   1        en=1;
C51 COMPILER V9.60.0.0   RFID                                                              01/26/2022 15:35:57 PAGE 3   

 117   1        delay(5);
 118   1        en=0;
 119   1        delay(5);
 120   1      }
 121          void lcd_str(unsigned char *str)
 122          {
 123   1      while(*str)
 124   1      {
 125   2        lcd_data(*str++);
 126   2      }
 127   1      
 128   1      }
 129          
 130          
 131          void sendser_char(unsigned char b)
 132          {
 133   1      SBUF=b;
 134   1        while(TI==0);
 135   1        TI=0;
 136   1      }
 137          
 138          
 139          void sendser_str(unsigned char *str)
 140          {
 141   1      while(*str)
 142   1      {
 143   2        sendser_char(*str++);
 144   2      }
 145   1      
 146   1      }
 147          void clear(void)
 148          {
 149   1      
 150   1      unsigned int i;
 151   1        for(i=0;i<100;i++)
 152   1        {
 153   2        a[i]='\0';
 154   2        
 155   2        }
 156   1      }


MODULE INFORMATION:   STATIC OVERLAYABLE
   CODE SIZE        =    454    ----
   CONSTANT SIZE    =    171    ----
   XDATA SIZE       =   ----    ----
   PDATA SIZE       =   ----    ----
   DATA SIZE        =    102       6
   IDATA SIZE       =   ----    ----
   BIT SIZE         =   ----    ----
END OF MODULE INFORMATION.


C51 COMPILATION COMPLETE.  0 WARNING(S),  0 ERROR(S)
